  Lab 3.cpp
C:\Users\mydel\source\repos\sem2\Advanced-Programing\GAME1011\Lab 3\Lab 3.cpp(371,12): warning C4244: 'argument': conversion from 'time_t' to 'unsigned int', possible loss of data
C:\Users\mydel\source\repos\sem2\Advanced-Programing\GAME1011\Lab 3\Lab 3.cpp(100,26): warning C4244: 'argument': conversion from 'double' to 'T', possible loss of data
          with
          [
              T=int
          ]
C:\Users\mydel\source\repos\sem2\Advanced-Programing\GAME1011\Lab 3\Lab 3.cpp(469): message : see reference to function template instantiation 'void OptionA<int>(SimpleVector<int> *,bool,bool)' being compiled
C:\Users\mydel\source\repos\sem2\Advanced-Programing\GAME1011\Lab 3\Lab 3.cpp(120,29): warning C4244: 'argument': conversion from 'double' to 'T', possible loss of data
          with
          [
              T=int
          ]
C:\Users\mydel\source\repos\sem2\Advanced-Programing\GAME1011\Lab 3\Lab 3.cpp(141,26): warning C4244: 'argument': conversion from 'double' to 'T', possible loss of data
          with
          [
              T=int
          ]
C:\Users\mydel\source\repos\sem2\Advanced-Programing\GAME1011\Lab 3\Lab 3.cpp(162,29): warning C4244: 'argument': conversion from 'double' to 'T', possible loss of data
          with
          [
              T=int
          ]
C:\Users\mydel\source\repos\sem2\Advanced-Programing\GAME1011\Lab 3\Lab 3.cpp(100,26): warning C4244: 'argument': conversion from 'double' to 'T', possible loss of data
          with
          [
              T=char
          ]
C:\Users\mydel\source\repos\sem2\Advanced-Programing\GAME1011\Lab 3\Lab 3.cpp(479): message : see reference to function template instantiation 'void OptionA<char>(SimpleVector<char> *,bool,bool)' being compiled
C:\Users\mydel\source\repos\sem2\Advanced-Programing\GAME1011\Lab 3\Lab 3.cpp(120,29): warning C4244: 'argument': conversion from 'double' to 'T', possible loss of data
          with
          [
              T=char
          ]
C:\Users\mydel\source\repos\sem2\Advanced-Programing\GAME1011\Lab 3\Lab 3.cpp(141,26): warning C4244: 'argument': conversion from 'double' to 'T', possible loss of data
          with
          [
              T=char
          ]
C:\Users\mydel\source\repos\sem2\Advanced-Programing\GAME1011\Lab 3\Lab 3.cpp(162,29): warning C4244: 'argument': conversion from 'double' to 'T', possible loss of data
          with
          [
              T=char
          ]
C:\Users\mydel\source\repos\sem2\Advanced-Programing\GAME1011\Lab 3\Lab 3.cpp(251,23): warning C4553: '==': result of expression not used; did you intend '='?
C:\Users\mydel\source\repos\sem2\Advanced-Programing\GAME1011\Lab 3\Lab 3.cpp(518): message : see reference to function template instantiation 'void OptionB<int,double,char>(SortVector<int>,SortVector<double>,SortVector<char>)' being compiled
C:\Users\mydel\source\repos\sem2\Advanced-Programing\GAME1011\Lab 3\SimpleVector.h(121,19): warning C4244: 'argument': conversion from 'T' to '_Elem', possible loss of data
          with
          [
              T=double
          ]
          and
          [
              _Elem=char
          ]
C:\Users\mydel\source\repos\sem2\Advanced-Programing\GAME1011\Lab 3\SimpleVector.h(111): message : while compiling class template member function 'std::string SimpleVector<double>::sprint(bool) const'
C:\Users\mydel\source\repos\sem2\Advanced-Programing\GAME1011\Lab 3\Lab 3.cpp(18): message : see reference to function template instantiation 'std::string SimpleVector<double>::sprint(bool) const' being compiled
C:\Users\mydel\source\repos\sem2\Advanced-Programing\GAME1011\Lab 3\SimpleVector.h(51): message : while compiling class template member function 'SimpleVector<double>::SimpleVector(const SimpleVector<double> &)'
C:\Users\mydel\source\repos\sem2\Advanced-Programing\GAME1011\Lab 3\SortVector.h(15): message : see reference to function template instantiation 'SimpleVector<double>::SimpleVector(const SimpleVector<double> &)' being compiled
C:\Users\mydel\source\repos\sem2\Advanced-Programing\GAME1011\Lab 3\Lab 3.cpp(377): message : see reference to class template instantiation 'SimpleVector<double>' being compiled
  Lab 3.vcxproj -> C:\Users\mydel\source\repos\sem2\Advanced-Programing\GAME1011\x64\Debug\Lab 3.exe
